xmsim(64) 22.03-s003
Linux 5.13.0-40-generic #45~20.04.1-Ubuntu SMP Mon Apr 4 09:38:31 UTC 2022 x86_64
CPU cores: 48
Limit information:
======================================
cputime			unlimited
filesize		unlimited
datasize		unlimited
stacksize		8192 kbytes
coredumpsize	0 kbytes
memoryuse		unlimited
vmemoryuse		unlimited
descriptors		1024
memorylocked	65536 kbytes
maxproc			514465
======================================
(Special)Runtime environment variables:

Runtime environment variables:
USER=aoc_050
LOGNAME=aoc_050
HOME=/home/AOC2023/aoc2023_050
PATH=/usr/cad/synopsys/verdi/2019.06//bin:/usr/cad/cadence/XCELIUM/XCELIUM_22.03.003/tools/bin/64bit:/usr/cad/cadence/XCELIUM/XCELIUM_22.03.003/tools/bin:/usr/local/sbin:/usr/local/bin:/usr/sbin:/usr/bin:/sbin:/bin:/usr/games:/usr/local/games:/snap/bin:/usr/riscv/bin
SHELL=/bin/tcsh
TERM=xterm
DISPLAY=localhost:21.0
XDG_SESSION_ID=4882
XDG_RUNTIME_DIR=/run/user/1329
DBUS_SESSION_BUS_ADDRESS=unix:path=/run/user/1329/bus
XDG_SESSION_TYPE=tty
XDG_SESSION_CLASS=user
MOTD_SHOWN=pam
LANG=en_US.UTF-8
LC_NUMERIC=lzh_TW
LC_TIME=lzh_TW
LC_MONETARY=lzh_TW
LC_PAPER=lzh_TW
LC_NAME=lzh_TW
LC_ADDRESS=lzh_TW
LC_TELEPHONE=lzh_TW
LC_MEASUREMENT=lzh_TW
LC_IDENTIFICATION=lzh_TW
SSH_CLIENT=122.121.236.192 54094 22
SSH_CONNECTION=122.121.236.192 54094 140.116.164.70 22
SSH_TTY=/dev/pts/10
HOSTTYPE=x86_64-linux
VENDOR=unknown
OSTYPE=linux
MACHTYPE=x86_64
SHLVL=1
PWD=/home/AOC2023/aoc2023_050/Lab3
GROUP=aoc_050
HOST=user
REMOTEHOST=122.121.236.192
LD_LIBRARY_PATH=/usr/cad/synopsys/verdi/2019.06//share/PLI/IUS/LINUX64
LM_LICENSE_FILE=26585@lstn:5280@lstn:
SHLIB_PATH=/usr/cad/synopsys/verdi/2019.06//etc/lib/libstdc++/LINUX64/:/usr/cad/synopsys/verdi/2019.06//share/PLI/lib/LINUX64/:/usr/cad/synopsys/verdi/2019.06//share/PLI/VCS/LINUX64/:
VERDI_HOME=/usr/cad/synopsys/verdi/2019.06/
_XRUNROOT_=/usr/cad/cadence/XCELIUM/XCELIUM_22.03.003/tools
_IRUNROOT_=/usr/cad/cadence/XCELIUM/XCELIUM_22.03.003/tools
_HELIUMROOT_=/usr/cad/cadence/XCELIUM/XCELIUM_22.03.003/tools
CDS_ARCH=lnx86
XMRUNMODE=xmverilog:./xcelium.d/run.lnx8664.22.03.d
XRUNBATCH=FALSE
AMS_LOG_FILE_NAME=xmverilog.log
IMPERAS_PORT_FILE=.vsp_ovp_gdb_port
TCL_LIBRARY=/usr/cad/cadence/XCELIUM/XCELIUM_22.03.003/tools/inca/files/tcl/library
Runtime command line arguments:
argv[0]=xmverilog
argv[1]=MAC_tb.v
argv[2]=+access+r
71 profile - 100
          CPU/Mem usage: 0.030 sys,  0.010 user,  106.34M sys,  0.00M vm
72 VC callback profile - scalar:0 vector:0
73 Thu Apr  6 23:48:05 2023
74 pliAppInit
75 FSDB_GATE is disabled.
76 Enable Parallel Dumping.
77 pliAppMiscSet: New Sim Round
78 pliEntryInit
79 LIBSSCORE=found /usr/cad/synopsys/verdi/2019.06//share/PLI/IUS/LINUX64/libsscore_xcelium171.so through $LD_LIBRARY_PATH setting.
80 argv[0]: MAC.fsdb
81 argv[0]: +struct
82 argv[1]: +mda
83 argv[2]: (handle)0x42f5798 MAC_tb.MAC0
84 FSDB Dumper for Xcelium, Release Verdi_P-2019.06, Linux x86_64/64bit, 05/26/2019
85 (C) 1996 - 2019 by Synopsys, Inc.
86 ***********************************************************************
87 *  WARNING -                                                          *
88 *  The simulator version is newer than the FSDB Writer version which  *
89 *  may cause abnormal behavior, please contact Cadence support for    *
90 *  assistance.                                                        *
91 ***********************************************************************
92 sps_call_fsdbDumpfile at 0 : /home/AOC2023/aoc2023_050/Lab3/MAC_tb.v(26)
93 argv[0]: MAC.fsdb
94 *Verdi* : Create FSDB file 'MAC.fsdb'
95 sps_call_fsdbDumpvars at 0 : /home/AOC2023/aoc2023_050/Lab3/MAC_tb.v(27)
96 argv[0]: +struct
97 argv[1]: +mda
98 argv[2]: (handle)0x42f5778 MAC_tb.MAC0
99 *Verdi* : Begin traversing the scope (MAC_tb.MAC0), layer (0).
100 *Verdi* : Enable +struct and +mda dumping.
101 *Verdi* : End of traversing.
102 fsdbDumpvars traverse var: profile - 
          CPU/Mem usage: 0.030 sys,  0.020 user,  193.37M sys,  0.00M vm
                   incr: 0.000 sys,  0.000 user,  3.87M sys,  0.00M vm
                   accu: 0.000 sys,  0.000 user,  3.87M sys,  0.00M vm
              accu incr: 0.000 sys,  0.000 user,  3.87M sys,  0.00M vm

          Count usage: 17 var,  13 idcode,  13 callback
                 incr: 17 var,  13 idcode,  13 callback
                 accu: 17 var,  13 idcode,  13 callback
            accu incr: 17 var,  13 idcode,  13 callback
103 VC callback profile - scalar:0 vector:0
104 Thu Apr  6 23:48:05 2023
105 fsdbDumpvars: profile - 
          CPU/Mem usage: 0.030 sys,  0.020 user,  194.42M sys,  0.00M vm
                   incr: 0.000 sys,  0.000 user,  1.05M sys,  0.00M vm
                   accu: 0.000 sys,  0.000 user,  4.93M sys,  0.00M vm
              accu incr: 0.000 sys,  0.000 user,  1.05M sys,  0.00M vm

          Count usage: 17 var,  13 idcode,  13 callback
                 incr: 0 var,  0 idcode,  0 callback
                 accu: 17 var,  13 idcode,  13 callback
            accu incr: 0 var,  0 idcode,  0 callback
106 VC callback profile - scalar:0 vector:13
107 Thu Apr  6 23:48:05 2023
108 End of simulation at 32768000
109 VC callback profile - scalar:0 vector:2369038
110 Thu Apr  6 23:48:05 2023
111 Begin FSDB profile info:
112 FSDB Writer : bc1(0) bcn(2369038) mtf/stf(0/0)
FSDB Writer elapsed time : flush(0.219678) io wait(0.000000) theadpool wait(0.000000) target functin(0.000000)
FSDB Writer cpu time : MT Compression : 0
113 End FSDB profile info
114 Parallel profile    -  Flush:3 Expand:0 ProduceWait:0 ConsumerWait:19 BlockUsed:23
115                        ProduceTime:0.549731108 ConsumerTime:0.149386836 Buffer:64MB
116 SimExit
117 Sim process exit
