xmverilog(64): 22.03-s003: (c) Copyright 1995-2022 Cadence Design Systems, Inc.
TOOL:	xmverilog	22.03-s003: Started on Apr 06, 2023 at 23:48:05 CST
ncverilog
	MAC_tb.v
	+access+r
xmverilog: *W,NCEXDEP: Executable (ncverilog) is deprecated. Use (xmverilog) instead.
Recompiling... reason: file './MAC_tb.v' is newer than expected.
	expected: Thu Apr  6 03:30:32 2023
	actual:   Thu Apr  6 23:47:52 2023
file: MAC_tb.v
	module worklib.MAC_tb:v
		errors: 0, warnings: 0
		Caching library 'worklib' ....... Done
	Elaborating the design hierarchy:
	Building instance overlay tables: .................... Done
	Generating native compiled code:
		worklib.MAC_tb:v <0x0f265ef5>
			streams:   4, words: 36535
	Building instance specific data structures.
	Loading native compiled code:     .................... Done
	Design hierarchy summary:
		              Instances  Unique
		Modules:              4       4
		Registers:           17      17
		Vectored wires:       5       -
		Always blocks:        2       2
		Initial blocks:       1       1
		Pseudo assignments:   3       3
	Writing initial simulation snapshot: worklib.MAC_tb:v
Loading snapshot worklib.MAC_tb:v .................... Done
*Verdi* Loading libsscore_xcelium171.so
xcelium> source /usr/cad/cadence/XCELIUM/XCELIUM_22.03.003/tools/xcelium/files/xmsimrc
xcelium> run
FSDB Dumper for Xcelium, Release Verdi_P-2019.06, Linux x86_64/64bit, 05/26/2019
(C) 1996 - 2019 by Synopsys, Inc.
***********************************************************************
*  WARNING -                                                          *
*  The simulator version is newer than the FSDB Writer version which  *
*  may cause abnormal behavior, please contact Cadence support for    *
*  assistance.                                                        *
***********************************************************************
*Verdi* : Create FSDB file 'MAC.fsdb'
*Verdi* : Begin traversing the scope (MAC_tb.MAC0), layer (0).
*Verdi* : Enable +struct and +mda dumping.
*Verdi* : End of traversing.
[1;33m
****************************               HAPPY  GIRAFFE   
****************************                 __     *  	  
**                        **                 \ \____|___	  
**                        **                  \    ^    \   
**                        **                   |         )  
**   UUUUU~ HOOOOOOO~     **                   |     ___/   
**   CONGRATULATIONS!     **                   |    | 	     
**   UUUUU~ HOOOOOOO~     **                   |_   |       
**                        **                   |_)  |       
**                        **                   |    |       
**                        **                   |    |       
**                        **                   |   _|       
**                        **                   |  (_|       
**                        **                   |    |       
**                        **                   |_   |       
**                        **                   |_)  |       
**                        **                   |    |       
**   Simulation PASS!!    **                   |    |       
**                        **                   |    |       
**                        **                   |   _|       
**                        **                   |  (_|       
**                        **                   |    |       
**                        **                   |    |       
**                        **  __               |   _|       
**                        ** \  /              |  (_|       
**                        **  \/\      _______ |    |       
****************************     \   /              |       
****************************      \./_        __    |       
                                   |__)      /  \   |       
                                   |         \__/   |       
                                   |     ______     |       
                                   |   |        |   |       
                                   |   |        |   |       
                                   |___|        |___|       
                                   |___|        |___|       
Totally has           0 errors
[0mxmsim: *W,RNQUIE: Simulation is complete.
xcelium> exit
TOOL:	xmverilog	22.03-s003: Exiting on Apr 06, 2023 at 23:48:06 CST  (total: 00:00:01)
